# JRE version: Java(TM) SE Runtime Environment (8.0_112-b15) (build 1.8.0_112-b15)
# Java VM: Java HotSpot(TM) 64-Bit Server VM (25.112-b15 mixed mode windows-amd64 compressed oops)
Heap:
 PSYoungGen      total 139776K, used 99881K [0x000000076c600000, 0x0000000775900000, 0x00000007c0000000)
  eden space 129024K, 71% used [0x000000076c600000,0x0000000771fd8280,0x0000000774400000)
  from space 10752K, 73% used [0x0000000774e80000,0x00000007756321b0,0x0000000775900000)
  to   space 10752K, 0% used [0x0000000774400000,0x0000000774400000,0x0000000774e80000)
 ParOldGen       total 89088K, used 14005K [0x00000006c5200000, 0x00000006ca900000, 0x000000076c600000)
  object space 89088K, 15% used [0x00000006c5200000,0x00000006c5fad568,0x00000006ca900000)
 Metaspace       used 49762K, capacity 50220K, committed 50560K, reserved 1091584K
  class space    used 7544K, capacity 7687K, committed 7808K, reserved 1048576K
GC Heap History (10 events):
Event: 13.905 GC heap before
{Heap before GC invocations=4 (full 1):
 PSYoungGen      total 139776K, used 129024K [0x000000076c600000, 0x0000000775900000, 0x00000007c0000000)
  eden space 129024K, 100% used [0x000000076c600000,0x0000000774400000,0x0000000774400000)
  from space 10752K, 0% used [0x0000000774e80000,0x0000000774e80000,0x0000000775900000)
  to   space 10752K, 0% used [0x0000000774400000,0x0000000774400000,0x0000000774e80000)
 ParOldGen       total 77312K, used 8364K [0x00000006c5200000, 0x00000006c9d80000, 0x000000076c600000)
  object space 77312K, 10% used [0x00000006c5200000,0x00000006c5a2b050,0x00000006c9d80000)
 Metaspace       used 30916K, capacity 31204K, committed 31616K, reserved 1077248K
  class space    used 4613K, capacity 4718K, committed 4736K, reserved 1048576K
Event: 13.921 GC heap after
Heap after GC invocations=4 (full 1):
 PSYoungGen      total 139776K, used 10748K [0x000000076c600000, 0x0000000775900000, 0x00000007c0000000)
  eden space 129024K, 0% used [0x000000076c600000,0x000000076c600000,0x0000000774400000)
  from space 10752K, 99% used [0x0000000774400000,0x0000000774e7f0f0,0x0000000774e80000)
  to   space 10752K, 0% used [0x0000000774e80000,0x0000000774e80000,0x0000000775900000)
 ParOldGen       total 77312K, used 9299K [0x00000006c5200000, 0x00000006c9d80000, 0x000000076c600000)
  object space 77312K, 12% used [0x00000006c5200000,0x00000006c5b14df8,0x00000006c9d80000)
 Metaspace       used 30916K, capacity 31204K, committed 31616K, reserved 1077248K
  class space    used 4613K, capacity 4718K, committed 4736K, reserved 1048576K
}
Event: 14.407 GC heap before
{Heap before GC invocations=5 (full 1):
 PSYoungGen      total 139776K, used 83400K [0x000000076c600000, 0x0000000775900000, 0x00000007c0000000)
  eden space 129024K, 56% used [0x000000076c600000,0x0000000770cf2ff0,0x0000000774400000)
  from space 10752K, 99% used [0x0000000774400000,0x0000000774e7f0f0,0x0000000774e80000)
  to   space 10752K, 0% used [0x0000000774e80000,0x0000000774e80000,0x0000000775900000)
 ParOldGen       total 77312K, used 9299K [0x00000006c5200000, 0x00000006c9d80000, 0x000000076c600000)
  object space 77312K, 12% used [0x00000006c5200000,0x00000006c5b14df8,0x00000006c9d80000)
 Metaspace       used 34896K, capacity 35172K, committed 35416K, reserved 1079296K
  class space    used 5259K, capacity 5358K, committed 5376K, reserved 1048576K
Event: 14.436 GC heap after
Heap after GC invocations=5 (full 1):
 PSYoungGen      total 139776K, used 7503K [0x000000076c600000, 0x0000000775900000, 0x00000007c0000000)
  eden space 129024K, 0% used [0x000000076c600000,0x000000076c600000,0x0000000774400000)
  from space 10752K, 69% used [0x0000000774e80000,0x00000007755d3d08,0x0000000775900000)
  to   space 10752K, 0% used [0x0000000774400000,0x0000000774400000,0x0000000774e80000)
 ParOldGen       total 77312K, used 9299K [0x00000006c5200000, 0x00000006c9d80000, 0x000000076c600000)
  object space 77312K, 12% used [0x00000006c5200000,0x00000006c5b14df8,0x00000006c9d80000)
 Metaspace       used 34896K, capacity 35172K, committed 35416K, reserved 1079296K
  class space    used 5259K, capacity 5358K, committed 5376K, reserved 1048576K
}
Event: 14.437 GC heap before
{Heap before GC invocations=6 (full 2):
 PSYoungGen      total 139776K, used 7503K [0x000000076c600000, 0x0000000775900000, 0x00000007c0000000)
  eden space 129024K, 0% used [0x000000076c600000,0x000000076c600000,0x0000000774400000)
  from space 10752K, 69% used [0x0000000774e80000,0x00000007755d3d08,0x0000000775900000)
  to   space 10752K, 0% used [0x0000000774400000,0x0000000774400000,0x0000000774e80000)
 ParOldGen       total 77312K, used 9299K [0x00000006c5200000, 0x00000006c9d80000, 0x000000076c600000)
  object space 77312K, 12% used [0x00000006c5200000,0x00000006c5b14df8,0x00000006c9d80000)
 Metaspace       used 34896K, capacity 35172K, committed 35416K, reserved 1079296K
  class space    used 5259K, capacity 5358K, committed 5376K, reserved 1048576K
Event: 14.485 GC heap after
Heap after GC invocations=6 (full 2):
 PSYoungGen      total 139776K, used 0K [0x000000076c600000, 0x0000000775900000, 0x00000007c0000000)
  eden space 129024K, 0% used [0x000000076c600000,0x000000076c600000,0x0000000774400000)
  from space 10752K, 0% used [0x0000000774e80000,0x0000000774e80000,0x0000000775900000)
  to   space 10752K, 0% used [0x0000000774400000,0x0000000774400000,0x0000000774e80000)
 ParOldGen       total 89088K, used 12590K [0x00000006c5200000, 0x00000006ca900000, 0x000000076c600000)
  object space 89088K, 14% used [0x00000006c5200000,0x00000006c5e4ba60,0x00000006ca900000)
 Metaspace       used 34896K, capacity 35172K, committed 35416K, reserved 1079296K
  class space    used 5259K, capacity 5358K, committed 5376K, reserved 1048576K
}
Event: 19.221 GC heap before
{Heap before GC invocations=7 (full 2):
 PSYoungGen      total 139776K, used 129024K [0x000000076c600000, 0x0000000775900000, 0x00000007c0000000)
  eden space 129024K, 100% used [0x000000076c600000,0x0000000774400000,0x0000000774400000)
  from space 10752K, 0% used [0x0000000774e80000,0x0000000774e80000,0x0000000775900000)
  to   space 10752K, 0% used [0x0000000774400000,0x0000000774400000,0x0000000774e80000)
 ParOldGen       total 89088K, used 12590K [0x00000006c5200000, 0x00000006ca900000, 0x000000076c600000)
  object space 89088K, 14% used [0x00000006c5200000,0x00000006c5e4ba60,0x00000006ca900000)
 Metaspace       used 47093K, capacity 47492K, committed 47872K, reserved 1089536K
  class space    used 7040K, capacity 7163K, committed 7168K, reserved 1048576K
Event: 19.244 GC heap after
Heap after GC invocations=7 (full 2):
 PSYoungGen      total 139776K, used 10731K [0x000000076c600000, 0x0000000775900000, 0x00000007c0000000)
  eden space 129024K, 0% used [0x000000076c600000,0x000000076c600000,0x0000000774400000)
  from space 10752K, 99% used [0x0000000774400000,0x0000000774e7ad60,0x0000000774e80000)
  to   space 10752K, 0% used [0x0000000774e80000,0x0000000774e80000,0x0000000775900000)
 ParOldGen       total 89088K, used 13997K [0x00000006c5200000, 0x00000006ca900000, 0x000000076c600000)
  object space 89088K, 15% used [0x00000006c5200000,0x00000006c5fab568,0x00000006ca900000)
 Metaspace       used 47093K, capacity 47492K, committed 47872K, reserved 1089536K
  class space    used 7040K, capacity 7163K, committed 7168K, reserved 1048576K
}
Event: 20.533 GC heap before
{Heap before GC invocations=8 (full 2):
 PSYoungGen      total 139776K, used 139755K [0x000000076c600000, 0x0000000775900000, 0x00000007c0000000)
  eden space 129024K, 100% used [0x000000076c600000,0x0000000774400000,0x0000000774400000)
  from space 10752K, 99% used [0x0000000774400000,0x0000000774e7ad60,0x0000000774e80000)
  to   space 10752K, 0% used [0x0000000774e80000,0x0000000774e80000,0x0000000775900000)
 ParOldGen       total 89088K, used 13997K [0x00000006c5200000, 0x00000006ca900000, 0x000000076c600000)
  object space 89088K, 15% used [0x00000006c5200000,0x00000006c5fab568,0x00000006ca900000)
 Metaspace       used 49476K, capacity 49996K, committed 50176K, reserved 1091584K
  class space    used 7499K, capacity 7655K, committed 7680K, reserved 1048576K
Event: 20.613 GC heap after
Heap after GC invocations=8 (full 2):
 PSYoungGen      total 139776K, used 7880K [0x000000076c600000, 0x0000000775900000, 0x00000007c0000000)
  eden space 129024K, 0% used [0x000000076c600000,0x000000076c600000,0x0000000774400000)
  from space 10752K, 73% used [0x0000000774e80000,0x00000007756321b0,0x0000000775900000)
  to   space 10752K, 0% used [0x0000000774400000,0x0000000774400000,0x0000000774e80000)
 ParOldGen       total 89088K, used 14005K [0x00000006c5200000, 0x00000006ca900000, 0x000000076c600000)
  object space 89088K, 15% used [0x00000006c5200000,0x00000006c5fad568,0x00000006ca900000)
 Metaspace       used 49476K, capacity 49996K, committed 50176K, reserved 1091584K
  class space    used 7499K, capacity 7655K, committed 7680K, reserved 1048576K
}

