# JRE version: Java(TM) SE Runtime Environment (8.0_112-b15) (build 1.8.0_112-b15)
# Java VM: Java HotSpot(TM) 64-Bit Server VM (25.112-b15 mixed mode windows-amd64 compressed oops)
Heap:
 PSYoungGen      total 739840K, used 65037K [0x000000076c600000, 0x000000079b600000, 0x00000007c0000000)
  eden space 717312K, 5% used [0x000000076c600000,0x000000076efb8bc8,0x0000000798280000)
  from space 22528K, 99% used [0x0000000799a80000,0x000000079b04aa10,0x000000079b080000)
  to   space 24576K, 0% used [0x0000000798280000,0x0000000798280000,0x0000000799a80000)
 ParOldGen       total 159232K, used 75242K [0x00000006c5200000, 0x00000006ced80000, 0x000000076c600000)
  object space 159232K, 47% used [0x00000006c5200000,0x00000006c9b7a8c8,0x00000006ced80000)
 Metaspace       used 50849K, capacity 51426K, committed 51544K, reserved 1093632K
  class space    used 7762K, capacity 7938K, committed 8024K, reserved 1048576K
GC Heap History (10 events):
Event: 28.067 GC heap before
{Heap before GC invocations=30 (full 2):
 PSYoungGen      total 496128K, used 494418K [0x000000076c600000, 0x0000000790100000, 0x00000007c0000000)
  eden space 479232K, 100% used [0x000000076c600000,0x0000000789a00000,0x0000000789a00000)
  from space 16896K, 89% used [0x0000000789a00000,0x000000078a8d4be0,0x000000078aa80000)
  to   space 17920K, 0% used [0x000000078ef80000,0x000000078ef80000,0x0000000790100000)
 ParOldGen       total 159232K, used 65538K [0x00000006c5200000, 0x00000006ced80000, 0x000000076c600000)
  object space 159232K, 41% used [0x00000006c5200000,0x00000006c92008b8,0x00000006ced80000)
 Metaspace       used 50840K, capacity 51426K, committed 51544K, reserved 1093632K
  class space    used 7762K, capacity 7938K, committed 8024K, reserved 1048576K
Event: 28.105 GC heap after
Heap after GC invocations=30 (full 2):
 PSYoungGen      total 566272K, used 15269K [0x000000076c600000, 0x0000000790680000, 0x00000007c0000000)
  eden space 548352K, 0% used [0x000000076c600000,0x000000076c600000,0x000000078dd80000)
  from space 17920K, 85% used [0x000000078ef80000,0x000000078fe69620,0x0000000790100000)
  to   space 18432K, 0% used [0x000000078dd80000,0x000000078dd80000,0x000000078ef80000)
 ParOldGen       total 159232K, used 67770K [0x00000006c5200000, 0x00000006ced80000, 0x000000076c600000)
  object space 159232K, 42% used [0x00000006c5200000,0x00000006c942e8b8,0x00000006ced80000)
 Metaspace       used 50840K, capacity 51426K, committed 51544K, reserved 1093632K
  class space    used 7762K, capacity 7938K, committed 8024K, reserved 1048576K
}
Event: 29.642 GC heap before
{Heap before GC invocations=31 (full 2):
 PSYoungGen      total 566272K, used 563621K [0x000000076c600000, 0x0000000790680000, 0x00000007c0000000)
  eden space 548352K, 100% used [0x000000076c600000,0x000000078dd80000,0x000000078dd80000)
  from space 17920K, 85% used [0x000000078ef80000,0x000000078fe69620,0x0000000790100000)
  to   space 18432K, 0% used [0x000000078dd80000,0x000000078dd80000,0x000000078ef80000)
 ParOldGen       total 159232K, used 67770K [0x00000006c5200000, 0x00000006ced80000, 0x000000076c600000)
  object space 159232K, 42% used [0x00000006c5200000,0x00000006c942e8b8,0x00000006ced80000)
 Metaspace       used 50842K, capacity 51426K, committed 51544K, reserved 1093632K
  class space    used 7762K, capacity 7938K, committed 8024K, reserved 1048576K
Event: 29.690 GC heap after
Heap after GC invocations=31 (full 2):
 PSYoungGen      total 566784K, used 17446K [0x000000076c600000, 0x0000000795600000, 0x00000007c0000000)
  eden space 548352K, 0% used [0x000000076c600000,0x000000076c600000,0x000000078dd80000)
  from space 18432K, 94% used [0x000000078dd80000,0x000000078ee89a00,0x000000078ef80000)
  to   space 19456K, 0% used [0x0000000794300000,0x0000000794300000,0x0000000795600000)
 ParOldGen       total 159232K, used 70090K [0x00000006c5200000, 0x00000006ced80000, 0x000000076c600000)
  object space 159232K, 44% used [0x00000006c5200000,0x00000006c96728b8,0x00000006ced80000)
 Metaspace       used 50842K, capacity 51426K, committed 51544K, reserved 1093632K
  class space    used 7762K, capacity 7938K, committed 8024K, reserved 1048576K
}
Event: 30.928 GC heap before
{Heap before GC invocations=32 (full 2):
 PSYoungGen      total 566784K, used 565798K [0x000000076c600000, 0x0000000795600000, 0x00000007c0000000)
  eden space 548352K, 100% used [0x000000076c600000,0x000000078dd80000,0x000000078dd80000)
  from space 18432K, 94% used [0x000000078dd80000,0x000000078ee89a00,0x000000078ef80000)
  to   space 19456K, 0% used [0x0000000794300000,0x0000000794300000,0x0000000795600000)
 ParOldGen       total 159232K, used 70090K [0x00000006c5200000, 0x00000006ced80000, 0x000000076c600000)
  object space 159232K, 44% used [0x00000006c5200000,0x00000006c96728b8,0x00000006ced80000)
 Metaspace       used 50846K, capacity 51426K, committed 51544K, reserved 1093632K
  class space    used 7762K, capacity 7938K, committed 8024K, reserved 1048576K
Event: 30.960 GC heap after
Heap after GC invocations=32 (full 2):
 PSYoungGen      total 650240K, used 17410K [0x000000076c600000, 0x0000000795600000, 0x00000007c0000000)
  eden space 630784K, 0% used [0x000000076c600000,0x000000076c600000,0x0000000792e00000)
  from space 19456K, 89% used [0x0000000794300000,0x0000000795400970,0x0000000795600000)
  to   space 20480K, 0% used [0x0000000792e00000,0x0000000792e00000,0x0000000794200000)
 ParOldGen       total 159232K, used 72634K [0x00000006c5200000, 0x00000006ced80000, 0x000000076c600000)
  object space 159232K, 45% used [0x00000006c5200000,0x00000006c98ee8b8,0x00000006ced80000)
 Metaspace       used 50846K, capacity 51426K, committed 51544K, reserved 1093632K
  class space    used 7762K, capacity 7938K, committed 8024K, reserved 1048576K
}
Event: 32.641 GC heap before
{Heap before GC invocations=33 (full 2):
 PSYoungGen      total 650240K, used 648194K [0x000000076c600000, 0x0000000795600000, 0x00000007c0000000)
  eden space 630784K, 100% used [0x000000076c600000,0x0000000792e00000,0x0000000792e00000)
  from space 19456K, 89% used [0x0000000794300000,0x0000000795400970,0x0000000795600000)
  to   space 20480K, 0% used [0x0000000792e00000,0x0000000792e00000,0x0000000794200000)
 ParOldGen       total 159232K, used 72634K [0x00000006c5200000, 0x00000006ced80000, 0x000000076c600000)
  object space 159232K, 45% used [0x00000006c5200000,0x00000006c98ee8b8,0x00000006ced80000)
 Metaspace       used 50847K, capacity 51426K, committed 51544K, reserved 1093632K
  class space    used 7762K, capacity 7938K, committed 8024K, reserved 1048576K
Event: 32.668 GC heap after
Heap after GC invocations=33 (full 2):
 PSYoungGen      total 651264K, used 20072K [0x000000076c600000, 0x000000079b080000, 0x00000007c0000000)
  eden space 630784K, 0% used [0x000000076c600000,0x000000076c600000,0x0000000792e00000)
  from space 20480K, 98% used [0x0000000792e00000,0x000000079419a1c0,0x0000000794200000)
  to   space 22528K, 0% used [0x0000000799a80000,0x0000000799a80000,0x000000079b080000)
 ParOldGen       total 159232K, used 75242K [0x00000006c5200000, 0x00000006ced80000, 0x000000076c600000)
  object space 159232K, 47% used [0x00000006c5200000,0x00000006c9b7a8c8,0x00000006ced80000)
 Metaspace       used 50847K, capacity 51426K, committed 51544K, reserved 1093632K
  class space    used 7762K, capacity 7938K, committed 8024K, reserved 1048576K
}
Event: 33.782 GC heap before
{Heap before GC invocations=34 (full 2):
 PSYoungGen      total 651264K, used 650856K [0x000000076c600000, 0x000000079b080000, 0x00000007c0000000)
  eden space 630784K, 100% used [0x000000076c600000,0x0000000792e00000,0x0000000792e00000)
  from space 20480K, 98% used [0x0000000792e00000,0x000000079419a1c0,0x0000000794200000)
  to   space 22528K, 0% used [0x0000000799a80000,0x0000000799a80000,0x000000079b080000)
 ParOldGen       total 159232K, used 75242K [0x00000006c5200000, 0x00000006ced80000, 0x000000076c600000)
  object space 159232K, 47% used [0x00000006c5200000,0x00000006c9b7a8c8,0x00000006ced80000)
 Metaspace       used 50849K, capacity 51426K, committed 51544K, reserved 1093632K
  class space    used 7762K, capacity 7938K, committed 8024K, reserved 1048576K
Event: 33.818 GC heap after
Heap after GC invocations=34 (full 2):
 PSYoungGen      total 739840K, used 22314K [0x000000076c600000, 0x000000079b600000, 0x00000007c0000000)
  eden space 717312K, 0% used [0x000000076c600000,0x000000076c600000,0x0000000798280000)
  from space 22528K, 99% used [0x0000000799a80000,0x000000079b04aa10,0x000000079b080000)
  to   space 24576K, 0% used [0x0000000798280000,0x0000000798280000,0x0000000799a80000)
 ParOldGen       total 159232K, used 75242K [0x00000006c5200000, 0x00000006ced80000, 0x000000076c600000)
  object space 159232K, 47% used [0x00000006c5200000,0x00000006c9b7a8c8,0x00000006ced80000)
 Metaspace       used 50849K, capacity 51426K, committed 51544K, reserved 1093632K
  class space    used 7762K, capacity 7938K, committed 8024K, reserved 1048576K
}

