# JRE version: Java(TM) SE Runtime Environment (8.0_112-b15) (build 1.8.0_112-b15)
# Java VM: Java HotSpot(TM) 64-Bit Server VM (25.112-b15 mixed mode windows-amd64 compressed oops)
Heap:
 PSYoungGen      total 221184K, used 210432K [0x000000076c600000, 0x000000077b580000, 0x00000007c0000000)
  eden space 210432K, 100% used [0x000000076c600000,0x0000000779380000,0x0000000779380000)
  from space 10752K, 0% used [0x0000000779380000,0x0000000779380000,0x0000000779e00000)
  to   space 10752K, 0% used [0x0000000779e00000,0x0000000779e00000,0x000000077a880000)
 ParOldGen       total 123392K, used 19526K [0x00000006c5200000, 0x00000006cca80000, 0x000000076c600000)
  object space 123392K, 15% used [0x00000006c5200000,0x00000006c65118d8,0x00000006cca80000)
 Metaspace       used 49287K, capacity 49762K, committed 50008K, reserved 1091584K
  class space    used 7494K, capacity 7622K, committed 7768K, reserved 1048576K
GC Heap History (10 events):
Event: 8.100 GC heap after
Heap after GC invocations=4 (full 1):
 PSYoungGen      total 139776K, used 10723K [0x000000076c600000, 0x000000077a880000, 0x00000007c0000000)
  eden space 129024K, 0% used [0x000000076c600000,0x000000076c600000,0x0000000774400000)
  from space 10752K, 99% used [0x0000000774400000,0x0000000774e78c98,0x0000000774e80000)
  to   space 10752K, 0% used [0x0000000779e00000,0x0000000779e00000,0x000000077a880000)
 ParOldGen       total 94720K, used 9114K [0x00000006c5200000, 0x00000006cae80000, 0x000000076c600000)
  object space 94720K, 9% used [0x00000006c5200000,0x00000006c5ae69b8,0x00000006cae80000)
 Metaspace       used 30622K, capacity 30912K, committed 31360K, reserved 1075200K
  class space    used 4585K, capacity 4686K, committed 4736K, reserved 1048576K
}
Event: 8.618 GC heap before
{Heap before GC invocations=5 (full 1):
 PSYoungGen      total 139776K, used 88408K [0x000000076c600000, 0x000000077a880000, 0x00000007c0000000)
  eden space 129024K, 60% used [0x000000076c600000,0x00000007711dd720,0x0000000774400000)
  from space 10752K, 99% used [0x0000000774400000,0x0000000774e78c98,0x0000000774e80000)
  to   space 10752K, 0% used [0x0000000779e00000,0x0000000779e00000,0x000000077a880000)
 ParOldGen       total 94720K, used 9114K [0x00000006c5200000, 0x00000006cae80000, 0x000000076c600000)
  object space 94720K, 9% used [0x00000006c5200000,0x00000006c5ae69b8,0x00000006cae80000)
 Metaspace       used 34922K, capacity 35136K, committed 35416K, reserved 1079296K
  class space    used 5312K, capacity 5390K, committed 5464K, reserved 1048576K
Event: 8.667 GC heap after
Heap after GC invocations=5 (full 1):
 PSYoungGen      total 221184K, used 7754K [0x000000076c600000, 0x000000077b580000, 0x00000007c0000000)
  eden space 210432K, 0% used [0x000000076c600000,0x000000076c600000,0x0000000779380000)
  from space 10752K, 72% used [0x0000000779e00000,0x000000077a592b08,0x000000077a880000)
  to   space 10752K, 0% used [0x0000000779380000,0x0000000779380000,0x0000000779e00000)
 ParOldGen       total 94720K, used 9114K [0x00000006c5200000, 0x00000006cae80000, 0x000000076c600000)
  object space 94720K, 9% used [0x00000006c5200000,0x00000006c5ae69b8,0x00000006cae80000)
 Metaspace       used 34922K, capacity 35136K, committed 35416K, reserved 1079296K
  class space    used 5312K, capacity 5390K, committed 5464K, reserved 1048576K
}
Event: 8.667 GC heap before
{Heap before GC invocations=6 (full 2):
 PSYoungGen      total 221184K, used 7754K [0x000000076c600000, 0x000000077b580000, 0x00000007c0000000)
  eden space 210432K, 0% used [0x000000076c600000,0x000000076c600000,0x0000000779380000)
  from space 10752K, 72% used [0x0000000779e00000,0x000000077a592b08,0x000000077a880000)
  to   space 10752K, 0% used [0x0000000779380000,0x0000000779380000,0x0000000779e00000)
 ParOldGen       total 94720K, used 9114K [0x00000006c5200000, 0x00000006cae80000, 0x000000076c600000)
  object space 94720K, 9% used [0x00000006c5200000,0x00000006c5ae69b8,0x00000006cae80000)
 Metaspace       used 34922K, capacity 35136K, committed 35416K, reserved 1079296K
  class space    used 5312K, capacity 5390K, committed 5464K, reserved 1048576K
Event: 8.717 GC heap after
Heap after GC invocations=6 (full 2):
 PSYoungGen      total 221184K, used 0K [0x000000076c600000, 0x000000077b580000, 0x00000007c0000000)
  eden space 210432K, 0% used [0x000000076c600000,0x000000076c600000,0x0000000779380000)
  from space 10752K, 0% used [0x0000000779e00000,0x0000000779e00000,0x000000077a880000)
  to   space 10752K, 0% used [0x0000000779380000,0x0000000779380000,0x0000000779e00000)
 ParOldGen       total 123392K, used 12868K [0x00000006c5200000, 0x00000006cca80000, 0x000000076c600000)
  object space 123392K, 10% used [0x00000006c5200000,0x00000006c5e910a0,0x00000006cca80000)
 Metaspace       used 34922K, capacity 35136K, committed 35416K, reserved 1079296K
  class space    used 5312K, capacity 5390K, committed 5464K, reserved 1048576K
}
Event: 12.536 GC heap before
{Heap before GC invocations=7 (full 2):
 PSYoungGen      total 221184K, used 127906K [0x000000076c600000, 0x000000077b580000, 0x00000007c0000000)
  eden space 210432K, 60% used [0x000000076c600000,0x00000007742e8a30,0x0000000779380000)
  from space 10752K, 0% used [0x0000000779e00000,0x0000000779e00000,0x000000077a880000)
  to   space 10752K, 0% used [0x0000000779380000,0x0000000779380000,0x0000000779e00000)
 ParOldGen       total 123392K, used 12868K [0x00000006c5200000, 0x00000006cca80000, 0x000000076c600000)
  object space 123392K, 10% used [0x00000006c5200000,0x00000006c5e910a0,0x00000006cca80000)
 Metaspace       used 46472K, capacity 46848K, committed 47064K, reserved 1089536K
  class space    used 7000K, capacity 7099K, committed 7128K, reserved 1048576K
Event: 12.589 GC heap after
Heap after GC invocations=7 (full 2):
 PSYoungGen      total 221184K, used 10751K [0x000000076c600000, 0x000000077b580000, 0x00000007c0000000)
  eden space 210432K, 0% used [0x000000076c600000,0x000000076c600000,0x0000000779380000)
  from space 10752K, 99% used [0x0000000779380000,0x0000000779dffe28,0x0000000779e00000)
  to   space 10752K, 0% used [0x0000000779e00000,0x0000000779e00000,0x000000077a880000)
 ParOldGen       total 123392K, used 13846K [0x00000006c5200000, 0x00000006cca80000, 0x000000076c600000)
  object space 123392K, 11% used [0x00000006c5200000,0x00000006c5f85ad0,0x00000006cca80000)
 Metaspace       used 46472K, capacity 46848K, committed 47064K, reserved 1089536K
  class space    used 7000K, capacity 7099K, committed 7128K, reserved 1048576K
}
Event: 12.589 GC heap before
{Heap before GC invocations=8 (full 3):
 PSYoungGen      total 221184K, used 10751K [0x000000076c600000, 0x000000077b580000, 0x00000007c0000000)
  eden space 210432K, 0% used [0x000000076c600000,0x000000076c600000,0x0000000779380000)
  from space 10752K, 99% used [0x0000000779380000,0x0000000779dffe28,0x0000000779e00000)
  to   space 10752K, 0% used [0x0000000779e00000,0x0000000779e00000,0x000000077a880000)
 ParOldGen       total 123392K, used 13846K [0x00000006c5200000, 0x00000006cca80000, 0x000000076c600000)
  object space 123392K, 11% used [0x00000006c5200000,0x00000006c5f85ad0,0x00000006cca80000)
 Metaspace       used 46472K, capacity 46848K, committed 47064K, reserved 1089536K
  class space    used 7000K, capacity 7099K, committed 7128K, reserved 1048576K
Event: 12.697 GC heap after
Heap after GC invocations=8 (full 3):
 PSYoungGen      total 221184K, used 0K [0x000000076c600000, 0x000000077b580000, 0x00000007c0000000)
  eden space 210432K, 0% used [0x000000076c600000,0x000000076c600000,0x0000000779380000)
  from space 10752K, 0% used [0x0000000779380000,0x0000000779380000,0x0000000779e00000)
  to   space 10752K, 0% used [0x0000000779e00000,0x0000000779e00000,0x000000077a880000)
 ParOldGen       total 123392K, used 19526K [0x00000006c5200000, 0x00000006cca80000, 0x000000076c600000)
  object space 123392K, 15% used [0x00000006c5200000,0x00000006c65118d8,0x00000006cca80000)
 Metaspace       used 46468K, capacity 46842K, committed 47064K, reserved 1089536K
  class space    used 7000K, capacity 7098K, committed 7128K, reserved 1048576K
}
Event: 13.754 GC heap before
{Heap before GC invocations=9 (full 3):
 PSYoungGen      total 221184K, used 210432K [0x000000076c600000, 0x000000077b580000, 0x00000007c0000000)
  eden space 210432K, 100% used [0x000000076c600000,0x0000000779380000,0x0000000779380000)
  from space 10752K, 0% used [0x0000000779380000,0x0000000779380000,0x0000000779e00000)
  to   space 10752K, 0% used [0x0000000779e00000,0x0000000779e00000,0x000000077a880000)
 ParOldGen       total 123392K, used 19526K [0x00000006c5200000, 0x00000006cca80000, 0x000000076c600000)
  object space 123392K, 15% used [0x00000006c5200000,0x00000006c65118d8,0x00000006cca80000)
 Metaspace       used 49287K, capacity 49762K, committed 50008K, reserved 1091584K
  class space    used 7494K, capacity 7622K, committed 7768K, reserved 1048576K

